<?xml version="1.0" encoding="UTF-8"?>
<testsuite xmlns:xsi="http://www.w3.org/2001/XMLSchema-instance" xsi:noNamespaceSchemaLocation="https://maven.apache.org/surefire/maven-surefire-plugin/xsd/surefire-test-report-3.0.xsd" version="3.0" name="br.com.facol.uservault.UserVaultApplicationTests" time="7.446" tests="1" errors="0" skipped="0" failures="0">
  <properties>
[...]
</properties>
  <testcase name="contextLoads" classname="br.com.facol.uservault.UserVaultApplicationTests" time="0.526">
    <system-out><![CDATA[08:29:12.978 [main] INFO org.springframework.test.context.support.AnnotationConfigContextLoaderUtils -- Could not detect default configuration classes for test class [br.com.facol.uservault.UserVaultApplicationTests]: UserVaultApplicationTests does not declare any static, non-private, non-final, nested classes annotated with @Configuration.
08:29:13.094 [main] INFO org.springframework.boot.test.context.SpringBootTestContextBootstrapper -- Found @SpringBootConfiguration br.com.facol.uservault.UserVaultApplication for test class br.com.facol.uservault.UserVaultApplicationTests

  .   ____          _            __ _ _
 /\\ / ___'_ __ _ _(_)_ __  __ _ \ \ \ \
( ( )\___ | '_ | '_| | '_ \/ _` | \ \ \ \
 \\/  ___)| |_)| | | | | || (_| |  ) ) ) )
  '  |____| .__|_| |_|_| |_\__, | / / / /
 =========|_|==============|___/=/_/_/_/

 :: Spring Boot ::                (v3.3.2)

2024-11-29T08:29:13.538-03:00  INFO 15356 --- [user_vault] [           main] b.c.f.u.UserVaultApplicationTests        : Starting UserVaultApplicationTests using Java 17.0.12 with PID 15356 (started by conta in C:\Users\conta\OneDrive\Documentos\user_vault-main)
2024-11-29T08:29:13.538-03:00  INFO 15356 --- [user_vault] [           main] b.c.f.u.UserVaultApplicationTests        : No active profile set, falling back to 1 default profile: "default"
2024-11-29T08:29:14.679-03:00  INFO 15356 --- [user_vault] [           main] .s.d.r.c.RepositoryConfigurationDelegate : Bootstrapping Spring Data JPA repositories in DEFAULT mode.
2024-11-29T08:29:14.745-03:00  INFO 15356 --- [user_vault] [           main] .s.d.r.c.RepositoryConfigurationDelegate : Finished Spring Data repository scanning in 60 ms. Found 1 JPA repository interface.
2024-11-29T08:29:15.395-03:00  INFO 15356 --- [user_vault] [           main] o.hibernate.jpa.internal.util.LogHelper  : HHH000204: Processing PersistenceUnitInfo [name: default]
2024-11-29T08:29:15.478-03:00  INFO 15356 --- [user_vault] [           main] org.hibernate.Version                    : HHH000412: Hibernate ORM core version 6.5.2.Final
2024-11-29T08:29:15.549-03:00  INFO 15356 --- [user_vault] [           main] o.h.c.internal.RegionFactoryInitiator    : HHH000026: Second-level cache disabled
2024-11-29T08:29:16.055-03:00  INFO 15356 --- [user_vault] [           main] o.s.o.j.p.SpringPersistenceUnitInfo      : No LoadTimeWeaver setup: ignoring JPA class transformer
2024-11-29T08:29:16.129-03:00  INFO 15356 --- [user_vault] [           main] com.zaxxer.hikari.HikariDataSource       : HikariPool-1 - Starting...
2024-11-29T08:29:16.393-03:00  INFO 15356 --- [user_vault] [           main] com.zaxxer.hikari.pool.HikariPool        : HikariPool-1 - Added connection conn0: url=jdbc:h2:mem:vault user=SA
2024-11-29T08:29:16.393-03:00  INFO 15356 --- [user_vault] [           main] com.zaxxer.hikari.HikariDataSource       : HikariPool-1 - Start completed.
2024-11-29T08:29:16.425-03:00  WARN 15356 --- [user_vault] [           main] org.hibernate.orm.deprecation            : HHH90000025: H2Dialect does not need to be specified explicitly using 'hibernate.dialect' (remove the property setting and it will be selected by default)
2024-11-29T08:29:17.596-03:00  INFO 15356 --- [user_vault] [           main] o.h.e.t.j.p.i.JtaPlatformInitiator       : HHH000489: No JTA platform available (set 'hibernate.transaction.jta.platform' to enable JTA platform integration)
2024-11-29T08:29:17.662-03:00  INFO 15356 --- [user_vault] [           main] j.LocalContainerEntityManagerFactoryBean : Initialized JPA EntityManagerFactory for persistence unit 'default'
2024-11-29T08:29:18.225-03:00  INFO 15356 --- [user_vault] [           main] r$InitializeUserDetailsManagerConfigurer : Global AuthenticationManager configured with UserDetailsService bean with name userDetailsServiceImpl
2024-11-29T08:29:18.459-03:00  WARN 15356 --- [user_vault] [           main] JpaBaseConfiguration$JpaWebConfiguration : spring.jpa.open-in-view is enabled by default. Therefore, database queries may be performed during view rendering. Explicitly configure spring.jpa.open-in-view to disable this warning
2024-11-29T08:29:19.563-03:00  INFO 15356 --- [user_vault] [           main] o.s.b.a.h2.H2ConsoleAutoConfiguration    : H2 console available at '/h2-console'. Database available at 'jdbc:h2:mem:vault'
2024-11-29T08:29:19.664-03:00  INFO 15356 --- [user_vault] [           main] b.c.f.u.UserVaultApplicationTests        : Started UserVaultApplicationTests in 6.389 seconds (process running for 7.439)
]]></system-out>
  </testcase>
</testsuite>